{
                  "xmlns" => "http://www.cdisc.org/ns/odm/v1.2",
               "xmlns:ds" => "http://www.w3.org/2000/09/xmldsig#",
              "xmlns:xsi" => "http://www.w3.org/2001/XMLSchema-instance",
     "xsi:schemaLocation" => "http://www.cdisc.org/ns/odm/v1.2 ODM1-2-0.xsd",
             "ODMVersion" => "1.2",
                "FileOID" => "000-00-0000",
               "FileType" => "Snapshot",
            "Description" => "Adverse events from the CTChicago file",
           "AsOfDateTime" => "2005-05-18T14:01:41",
       "CreationDateTime" => "2005-05-18T14:01:41",
           "SourceSystem" => "SAS 9.1",
    "SourceSystemVersion" => "9.01.01M3D05172005",
                  "Study" => [
        [0] {
                         "OID" => "STUDY.StudyOID",
             "GlobalVariables" => [
                [0] {
                           "StudyName" => [
                        [0] "CDISC Connect-A-Thon Test Study III"
                    ],
                    "StudyDescription" => [
                        [0] "This file contains test data from a previous CDISC Connect-A-Thon."
                    ],
                        "ProtocolName" => [
                        [0] "CDISC-Protocol-00-000"
                    ]
                }
            ],
            "BasicDefinitions" => [
                [0] {}
            ],
             "MetaDataVersion" => [
                [0] {
                              "OID" => "v1.1.0",
                             "Name" => "Version 1.1.0",
                         "Protocol" => [
                        [0] {
                            "StudyEventRef" => [
                                [0] {
                                    "StudyEventOID" => "SE.VISIT1",
                                      "OrderNumber" => "1",
                                        "Mandatory" => "Yes"
                                }
                            ]
                        }
                    ],
                    "StudyEventDef" => [
                        [0] {
                                  "OID" => "SE.VISIT1",
                                 "Name" => "Study Event Definition",
                            "Repeating" => "Yes",
                                 "Type" => "Common",
                              "FormRef" => [
                                [0] {
                                        "FormOID" => "FORM.AE",
                                    "OrderNumber" => "1",
                                      "Mandatory" => "No"
                                }
                            ]
                        }
                    ],
                          "FormDef" => [
                        [0] {
                                     "OID" => "FORM.AE",
                                    "Name" => "Form Definition",
                               "Repeating" => "Yes",
                            "ItemGroupRef" => [
                                [0] {
                                    "ItemGroupOID" => "IG.AE",
                                       "Mandatory" => "No"
                                }
                            ]
                        }
                    ],
                     "ItemGroupDef" => [
                        [0] {
                                       "OID" => "IG.AE",
                                 "Repeating" => "Yes",
                            "SASDatasetName" => "AE",
                                      "Name" => "Adverse Events",
                                    "Domain" => "AE",
                                   "Comment" => "Some adverse events from this trial",
                                   "ItemRef" => [
                                [ 0] {
                                        "ItemOID" => "ID.TAREA",
                                    "OrderNumber" => "1",
                                      "Mandatory" => "No"
                                },
                                [ 1] {
                                        "ItemOID" => "ID.PNO",
                                    "OrderNumber" => "2",
                                      "Mandatory" => "No"
                                },
                                [ 2] {
                                        "ItemOID" => "ID.SCTRY",
                                    "OrderNumber" => "3",
                                      "Mandatory" => "No"
                                },
                                [ 3] {
                                        "ItemOID" => "ID.F_STATUS",
                                    "OrderNumber" => "4",
                                      "Mandatory" => "No"
                                },
                                [ 4] {
                                        "ItemOID" => "ID.LINE_NO",
                                    "OrderNumber" => "5",
                                      "Mandatory" => "No"
                                },
                                [ 5] {
                                        "ItemOID" => "ID.AETERM",
                                    "OrderNumber" => "6",
                                      "Mandatory" => "No"
                                },
                                [ 6] {
                                        "ItemOID" => "ID.AESTMON",
                                    "OrderNumber" => "7",
                                      "Mandatory" => "No"
                                },
                                [ 7] {
                                        "ItemOID" => "ID.AESTDAY",
                                    "OrderNumber" => "8",
                                      "Mandatory" => "No"
                                },
                                [ 8] {
                                        "ItemOID" => "ID.AESTYR",
                                    "OrderNumber" => "9",
                                      "Mandatory" => "No"
                                },
                                [ 9] {
                                        "ItemOID" => "ID.AESTDT",
                                    "OrderNumber" => "10",
                                      "Mandatory" => "No"
                                },
                                [10] {
                                        "ItemOID" => "ID.AEENMON",
                                    "OrderNumber" => "11",
                                      "Mandatory" => "No"
                                },
                                [11] {
                                        "ItemOID" => "ID.AEENDAY",
                                    "OrderNumber" => "12",
                                      "Mandatory" => "No"
                                },
                                [12] {
                                        "ItemOID" => "ID.AEENYR",
                                    "OrderNumber" => "13",
                                      "Mandatory" => "No"
                                },
                                [13] {
                                        "ItemOID" => "ID.AEENDT",
                                    "OrderNumber" => "14",
                                      "Mandatory" => "No"
                                },
                                [14] {
                                        "ItemOID" => "ID.AESEV",
                                    "OrderNumber" => "15",
                                      "Mandatory" => "No"
                                },
                                [15] {
                                        "ItemOID" => "ID.AEREL",
                                    "OrderNumber" => "16",
                                      "Mandatory" => "No"
                                },
                                [16] {
                                        "ItemOID" => "ID.AEOUT",
                                    "OrderNumber" => "17",
                                      "Mandatory" => "No"
                                },
                                [17] {
                                        "ItemOID" => "ID.AEACTTRT",
                                    "OrderNumber" => "18",
                                      "Mandatory" => "No"
                                },
                                [18] {
                                        "ItemOID" => "ID.AECONTRT",
                                    "OrderNumber" => "19",
                                      "Mandatory" => "No"
                                }
                            ]
                        }
                    ],
                          "ItemDef" => [
                        [ 0] {
                                     "OID" => "ID.TAREA",
                            "SASFieldName" => "TAREA",
                                    "Name" => "Therapeutic Area",
                                "DataType" => "text",
                                  "Length" => "4",
                             "CodeListRef" => [
                                [0] {
                                    "CodeListOID" => "CL.$TAREAF"
                                }
                            ]
                        },
                        [ 1] {
                                     "OID" => "ID.PNO",
                            "SASFieldName" => "PNO",
                                    "Name" => "Protocol Number",
                                "DataType" => "text",
                                  "Length" => "15"
                        },
                        [ 2] {
                                     "OID" => "ID.SCTRY",
                            "SASFieldName" => "SCTRY",
                                    "Name" => "Country",
                                "DataType" => "text",
                                  "Length" => "4",
                             "CodeListRef" => [
                                [0] {
                                    "CodeListOID" => "CL.$SCTRYF"
                                }
                            ]
                        },
                        [ 3] {
                                     "OID" => "ID.F_STATUS",
                            "SASFieldName" => "F_STATUS",
                                    "Name" => "Record status, 5 levels, internal use",
                                "DataType" => "text",
                                  "Length" => "1",
                             "CodeListRef" => [
                                [0] {
                                    "CodeListOID" => "CL.$F_STATU"
                                }
                            ]
                        },
                        [ 4] {
                                     "OID" => "ID.LINE_NO",
                            "SASFieldName" => "LINE_NO",
                                    "Name" => "Line Number",
                                "DataType" => "integer",
                                  "Length" => "2"
                        },
                        [ 5] {
                                     "OID" => "ID.AETERM",
                            "SASFieldName" => "AETERM",
                                    "Name" => "Conmed Indication",
                                "DataType" => "text",
                                  "Length" => "100"
                        },
                        [ 6] {
                                     "OID" => "ID.AESTMON",
                            "SASFieldName" => "AESTMON",
                                    "Name" => "Start Month - Enter Two Digits 01-12",
                                "DataType" => "integer",
                                  "Length" => "2"
                        },
                        [ 7] {
                                     "OID" => "ID.AESTDAY",
                            "SASFieldName" => "AESTDAY",
                                    "Name" => "Start Day - Enter Two Digits 01-31",
                                "DataType" => "integer",
                                  "Length" => "2"
                        },
                        [ 8] {
                                     "OID" => "ID.AESTYR",
                            "SASFieldName" => "AESTYR",
                                    "Name" => "Start Year - Enter Four Digit Year",
                                "DataType" => "integer",
                                  "Length" => "4"
                        },
                        [ 9] {
                                     "OID" => "ID.AESTDT",
                            "SASFieldName" => "AESTDT",
                                    "Name" => "Derived Start Date",
                                "DataType" => "date"
                        },
                        [10] {
                                     "OID" => "ID.AEENMON",
                            "SASFieldName" => "AEENMON",
                                    "Name" => "Stop Month - Enter Two Digits 01-12",
                                "DataType" => "integer",
                                  "Length" => "2"
                        },
                        [11] {
                                     "OID" => "ID.AEENDAY",
                            "SASFieldName" => "AEENDAY",
                                    "Name" => "Stop Day - Enter Two Digits 01-31",
                                "DataType" => "integer",
                                  "Length" => "2"
                        },
                        [12] {
                                     "OID" => "ID.AEENYR",
                            "SASFieldName" => "AEENYR",
                                    "Name" => "Stop Year - Enter Four Digit Year",
                                "DataType" => "integer",
                                  "Length" => "4"
                        },
                        [13] {
                                     "OID" => "ID.AEENDT",
                            "SASFieldName" => "AEENDT",
                                    "Name" => "Derived Stop Date",
                                "DataType" => "date"
                        },
                        [14] {
                                     "OID" => "ID.AESEV",
                            "SASFieldName" => "AESEV",
                                    "Name" => "Severity",
                                "DataType" => "text",
                                  "Length" => "1",
                             "CodeListRef" => [
                                [0] {
                                    "CodeListOID" => "CL.$AESEV"
                                }
                            ]
                        },
                        [15] {
                                     "OID" => "ID.AEREL",
                            "SASFieldName" => "AEREL",
                                    "Name" => "Relationship to study drug",
                                "DataType" => "text",
                                  "Length" => "1",
                             "CodeListRef" => [
                                [0] {
                                    "CodeListOID" => "CL.$AEREL"
                                }
                            ]
                        },
                        [16] {
                                     "OID" => "ID.AEOUT",
                            "SASFieldName" => "AEOUT",
                                    "Name" => "Outcome",
                                "DataType" => "text",
                                  "Length" => "1",
                             "CodeListRef" => [
                                [0] {
                                    "CodeListOID" => "CL.$AEOUT"
                                }
                            ]
                        },
                        [17] {
                                     "OID" => "ID.AEACTTRT",
                            "SASFieldName" => "AEACTTRT",
                                    "Name" => "Actions taken re study drug",
                                "DataType" => "text",
                                  "Length" => "1",
                             "CodeListRef" => [
                                [0] {
                                    "CodeListOID" => "CL.$AEACTTR"
                                }
                            ]
                        },
                        [18] {
                                     "OID" => "ID.AECONTRT",
                            "SASFieldName" => "AECONTRT",
                                    "Name" => "Actions taken, other",
                                "DataType" => "text",
                                  "Length" => "1",
                             "CodeListRef" => [
                                [0] {
                                    "CodeListOID" => "CL.$AECONTR"
                                }
                            ]
                        }
                    ],
                         "CodeList" => [
                        [0] {
                                      "OID" => "CL.$TAREAF",
                            "SASFormatName" => "$TAREAF",
                                     "Name" => "$TAREAF",
                                 "DataType" => "text",
                             "CodeListItem" => [
                                [0] {
                                    "CodedValue" => "ONC",
                                        "Decode" => [
                                        [0] {
                                            "TranslatedText" => [
                                                [0] {
                                                    "xml:lang" => "en",
                                                     "content" => "Oncology"
                                                }
                                            ]
                                        }
                                    ]
                                }
                            ]
                        },
                        [1] {
                                      "OID" => "CL.$SCTRYF",
                            "SASFormatName" => "$SCTRYF",
                                     "Name" => "$SCTRYF",
                                 "DataType" => "text",
                             "CodeListItem" => [
                                [0] {
                                    "CodedValue" => "USA",
                                        "Decode" => [
                                        [0] {
                                            "TranslatedText" => [
                                                [0] {
                                                    "xml:lang" => "en",
                                                     "content" => "United States"
                                                }
                                            ]
                                        }
                                    ]
                                }
                            ]
                        },
                        [2] {
                                      "OID" => "CL.$F_STATU",
                            "SASFormatName" => "$F_STATU",
                                     "Name" => "$F_STATU",
                                 "DataType" => "text",
                             "CodeListItem" => [
                                [0] {
                                    "CodedValue" => "S",
                                        "Decode" => [
                                        [0] {
                                            "TranslatedText" => [
                                                [0] {
                                                    "xml:lang" => "en",
                                                     "content" => "Source verified, not queried"
                                                }
                                            ]
                                        }
                                    ]
                                },
                                [1] {
                                    "CodedValue" => "V",
                                        "Decode" => [
                                        [0] {
                                            "TranslatedText" => [
                                                [0] {
                                                    "xml:lang" => "en",
                                                     "content" => "Source verified, queried"
                                                }
                                            ]
                                        }
                                    ]
                                }
                            ]
                        },
                        [3] {
                                      "OID" => "CL.$AESEV",
                            "SASFormatName" => "$AESEV",
                                     "Name" => "$AESEV",
                                 "DataType" => "text",
                             "CodeListItem" => [
                                [0] {
                                    "CodedValue" => "1",
                                        "Decode" => [
                                        [0] {
                                            "TranslatedText" => [
                                                [0] {
                                                    "xml:lang" => "en",
                                                     "content" => "Mild"
                                                }
                                            ]
                                        }
                                    ]
                                },
                                [1] {
                                    "CodedValue" => "2",
                                        "Decode" => [
                                        [0] {
                                            "TranslatedText" => [
                                                [0] {
                                                    "xml:lang" => "en",
                                                     "content" => "Moderate"
                                                }
                                            ]
                                        }
                                    ]
                                },
                                [2] {
                                    "CodedValue" => "3",
                                        "Decode" => [
                                        [0] {
                                            "TranslatedText" => [
                                                [0] {
                                                    "xml:lang" => "en",
                                                     "content" => "Severe"
                                                }
                                            ]
                                        }
                                    ]
                                },
                                [3] {
                                    "CodedValue" => "4",
                                        "Decode" => [
                                        [0] {
                                            "TranslatedText" => [
                                                [0] {
                                                    "xml:lang" => "en",
                                                     "content" => "Life Threatening"
                                                }
                                            ]
                                        }
                                    ]
                                }
                            ]
                        },
                        [4] {
                                      "OID" => "CL.$AEREL",
                            "SASFormatName" => "$AEREL",
                                     "Name" => "$AEREL",
                                 "DataType" => "text",
                             "CodeListItem" => [
                                [0] {
                                    "CodedValue" => "0",
                                        "Decode" => [
                                        [0] {
                                            "TranslatedText" => [
                                                [0] {
                                                    "xml:lang" => "en",
                                                     "content" => "None"
                                                }
                                            ]
                                        }
                                    ]
                                },
                                [1] {
                                    "CodedValue" => "1",
                                        "Decode" => [
                                        [0] {
                                            "TranslatedText" => [
                                                [0] {
                                                    "xml:lang" => "en",
                                                     "content" => "Unlikely"
                                                }
                                            ]
                                        }
                                    ]
                                },
                                [2] {
                                    "CodedValue" => "2",
                                        "Decode" => [
                                        [0] {
                                            "TranslatedText" => [
                                                [0] {
                                                    "xml:lang" => "en",
                                                     "content" => "Possible"
                                                }
                                            ]
                                        }
                                    ]
                                },
                                [3] {
                                    "CodedValue" => "3",
                                        "Decode" => [
                                        [0] {
                                            "TranslatedText" => [
                                                [0] {
                                                    "xml:lang" => "en",
                                                     "content" => "Probable"
                                                }
                                            ]
                                        }
                                    ]
                                }
                            ]
                        },
                        [5] {
                                      "OID" => "CL.$AEOUT",
                            "SASFormatName" => "$AEOUT",
                                     "Name" => "$AEOUT",
                                 "DataType" => "text",
                             "CodeListItem" => [
                                [0] {
                                    "CodedValue" => "1",
                                        "Decode" => [
                                        [0] {
                                            "TranslatedText" => [
                                                [0] {
                                                    "xml:lang" => "en",
                                                     "content" => "Resolved, no residual effects"
                                                }
                                            ]
                                        }
                                    ]
                                },
                                [1] {
                                    "CodedValue" => "2",
                                        "Decode" => [
                                        [0] {
                                            "TranslatedText" => [
                                                [0] {
                                                    "xml:lang" => "en",
                                                     "content" => "Continuing"
                                                }
                                            ]
                                        }
                                    ]
                                },
                                [2] {
                                    "CodedValue" => "3",
                                        "Decode" => [
                                        [0] {
                                            "TranslatedText" => [
                                                [0] {
                                                    "xml:lang" => "en",
                                                     "content" => "Resolved, residual effects"
                                                }
                                            ]
                                        }
                                    ]
                                },
                                [3] {
                                    "CodedValue" => "4",
                                        "Decode" => [
                                        [0] {
                                            "TranslatedText" => [
                                                [0] {
                                                    "xml:lang" => "en",
                                                     "content" => "Death"
                                                }
                                            ]
                                        }
                                    ]
                                }
                            ]
                        },
                        [6] {
                                      "OID" => "CL.$AEACTTR",
                            "SASFormatName" => "$AEACTTR",
                                     "Name" => "$AEACTTR",
                                 "DataType" => "text",
                             "CodeListItem" => [
                                [0] {
                                    "CodedValue" => "0",
                                        "Decode" => [
                                        [0] {
                                            "TranslatedText" => [
                                                [0] {
                                                    "xml:lang" => "en",
                                                     "content" => "None"
                                                }
                                            ]
                                        }
                                    ]
                                },
                                [1] {
                                    "CodedValue" => "1",
                                        "Decode" => [
                                        [0] {
                                            "TranslatedText" => [
                                                [0] {
                                                    "xml:lang" => "en",
                                                     "content" => "Discontinued permanently"
                                                }
                                            ]
                                        }
                                    ]
                                },
                                [2] {
                                    "CodedValue" => "2",
                                        "Decode" => [
                                        [0] {
                                            "TranslatedText" => [
                                                [0] {
                                                    "xml:lang" => "en",
                                                     "content" => "Reduced"
                                                }
                                            ]
                                        }
                                    ]
                                },
                                [3] {
                                    "CodedValue" => "3",
                                        "Decode" => [
                                        [0] {
                                            "TranslatedText" => [
                                                [0] {
                                                    "xml:lang" => "en",
                                                     "content" => "Interrupted"
                                                }
                                            ]
                                        }
                                    ]
                                }
                            ]
                        },
                        [7] {
                                      "OID" => "CL.$AECONTR",
                            "SASFormatName" => "$AECONTR",
                                     "Name" => "$AECONTR",
                                 "DataType" => "text",
                             "CodeListItem" => [
                                [0] {
                                    "CodedValue" => "0",
                                        "Decode" => [
                                        [0] {
                                            "TranslatedText" => [
                                                [0] {
                                                    "xml:lang" => "en",
                                                     "content" => "None"
                                                }
                                            ]
                                        }
                                    ]
                                },
                                [1] {
                                    "CodedValue" => "1",
                                        "Decode" => [
                                        [0] {
                                            "TranslatedText" => [
                                                [0] {
                                                    "xml:lang" => "en",
                                                     "content" => "Medication required"
                                                }
                                            ]
                                        }
                                    ]
                                },
                                [2] {
                                    "CodedValue" => "2",
                                        "Decode" => [
                                        [0] {
                                            "TranslatedText" => [
                                                [0] {
                                                    "xml:lang" => "en",
                                                     "content" => "Hospitalization required or prolonged"
                                                }
                                            ]
                                        }
                                    ]
                                },
                                [3] {
                                    "CodedValue" => "3",
                                        "Decode" => [
                                        [0] {
                                            "TranslatedText" => [
                                                [0] {
                                                    "xml:lang" => "en",
                                                     "content" => "Other"
                                                }
                                            ]
                                        }
                                    ]
                                }
                            ]
                        }
                    ]
                }
            ]
        }
    ],
              "AdminData" => [
        [0] {}
    ],
           "ClinicalData" => [
        [0] {
                      "StudyOID" => "STUDY.StudyOID",
            "MetaDataVersionOID" => "v1.1.0",
                   "SubjectData" => [
                [0] {
                        "SubjectKey" => "001",
                    "StudyEventData" => [
                        [0] {
                                  "StudyEventOID" => "SE.VISIT1",
                            "StudyEventRepeatKey" => "1",
                                       "FormData" => [
                                [0] {
                                          "FormOID" => "FORM.AE",
                                    "FormRepeatKey" => "1",
                                    "ItemGroupData" => [
                                        [0] {
                                                  "ItemGroupOID" => "IG.AE",
                                            "ItemGroupRepeatKey" => "1",
                                                      "ItemData" => [
                                                [ 0] {
                                                    "ItemOID" => "ID.TAREA",
                                                      "Value" => "ONC"
                                                },
                                                [ 1] {
                                                    "ItemOID" => "ID.PNO",
                                                      "Value" => "143-02"
                                                },
                                                [ 2] {
                                                    "ItemOID" => "ID.SCTRY",
                                                      "Value" => "USA"
                                                },
                                                [ 3] {
                                                    "ItemOID" => "ID.F_STATUS",
                                                      "Value" => "V"
                                                },
                                                [ 4] {
                                                    "ItemOID" => "ID.LINE_NO",
                                                      "Value" => "1"
                                                },
                                                [ 5] {
                                                    "ItemOID" => "ID.AETERM",
                                                      "Value" => "HEADACHE"
                                                },
                                                [ 6] {
                                                    "ItemOID" => "ID.AESTMON",
                                                      "Value" => "06"
                                                },
                                                [ 7] {
                                                    "ItemOID" => "ID.AESTDAY",
                                                      "Value" => "10"
                                                },
                                                [ 8] {
                                                    "ItemOID" => "ID.AESTYR",
                                                      "Value" => "1999"
                                                },
                                                [ 9] {
                                                    "ItemOID" => "ID.AESTDT",
                                                      "Value" => "1999-06-10"
                                                },
                                                [10] {
                                                    "ItemOID" => "ID.AEENMON",
                                                      "Value" => "06"
                                                },
                                                [11] {
                                                    "ItemOID" => "ID.AEENDAY",
                                                      "Value" => "14"
                                                },
                                                [12] {
                                                    "ItemOID" => "ID.AEENYR",
                                                      "Value" => "1999"
                                                },
                                                [13] {
                                                    "ItemOID" => "ID.AEENDT",
                                                      "Value" => "1999-06-14"
                                                },
                                                [14] {
                                                    "ItemOID" => "ID.AESEV",
                                                      "Value" => "1"
                                                },
                                                [15] {
                                                    "ItemOID" => "ID.AEREL",
                                                      "Value" => "0"
                                                },
                                                [16] {
                                                    "ItemOID" => "ID.AEOUT",
                                                      "Value" => "1"
                                                },
                                                [17] {
                                                    "ItemOID" => "ID.AEACTTRT",
                                                      "Value" => "0"
                                                },
                                                [18] {
                                                    "ItemOID" => "ID.AECONTRT",
                                                      "Value" => "1"
                                                }
                                            ]
                                        },
                                        [1] {
                                                  "ItemGroupOID" => "IG.AE",
                                            "ItemGroupRepeatKey" => "2",
                                                      "ItemData" => [
                                                [ 0] {
                                                    "ItemOID" => "ID.TAREA",
                                                      "Value" => "ONC"
                                                },
                                                [ 1] {
                                                    "ItemOID" => "ID.PNO",
                                                      "Value" => "143-02"
                                                },
                                                [ 2] {
                                                    "ItemOID" => "ID.SCTRY",
                                                      "Value" => "USA"
                                                },
                                                [ 3] {
                                                    "ItemOID" => "ID.F_STATUS",
                                                      "Value" => "V"
                                                },
                                                [ 4] {
                                                    "ItemOID" => "ID.LINE_NO",
                                                      "Value" => "2"
                                                },
                                                [ 5] {
                                                    "ItemOID" => "ID.AETERM",
                                                      "Value" => "CONGESTION"
                                                },
                                                [ 6] {
                                                    "ItemOID" => "ID.AESTMON",
                                                      "Value" => "06"
                                                },
                                                [ 7] {
                                                    "ItemOID" => "ID.AESTDAY",
                                                      "Value" => "11"
                                                },
                                                [ 8] {
                                                    "ItemOID" => "ID.AESTYR",
                                                      "Value" => "1999"
                                                },
                                                [ 9] {
                                                    "ItemOID" => "ID.AESTDT",
                                                      "Value" => "1999-06-11"
                                                },
                                                [10] {
                                                    "ItemOID" => "ID.AEENMON",
                                                      "Value" => ""
                                                },
                                                [11] {
                                                    "ItemOID" => "ID.AEENDAY",
                                                      "Value" => ""
                                                },
                                                [12] {
                                                    "ItemOID" => "ID.AEENYR",
                                                      "Value" => ""
                                                },
                                                [13] {
                                                    "ItemOID" => "ID.AEENDT",
                                                      "Value" => ""
                                                },
                                                [14] {
                                                    "ItemOID" => "ID.AESEV",
                                                      "Value" => "1"
                                                },
                                                [15] {
                                                    "ItemOID" => "ID.AEREL",
                                                      "Value" => "0"
                                                },
                                                [16] {
                                                    "ItemOID" => "ID.AEOUT",
                                                      "Value" => "2"
                                                },
                                                [17] {
                                                    "ItemOID" => "ID.AEACTTRT",
                                                      "Value" => "0"
                                                },
                                                [18] {
                                                    "ItemOID" => "ID.AECONTRT",
                                                      "Value" => "1"
                                                }
                                            ]
                                        }
                                    ]
                                }
                            ]
                        }
                    ]
                }
            ]
        }
    ]
}
